Chapter_3/app/build/intermediates/manifest_merge_blame_file/debug/manifest-merger-blame-debug-report.txt
1<?xml version="1.0" encoding="utf-8"?>
2<manifest xmlns:android="http://schemas.android.com/apk/res/android"
3    package="com.ryg.chapter_3"
4    android:versionCode="1"
5    android:versionName="1.0" >
6
7    <uses-sdk
7-->src/main/AndroidManifest.xml:7:5-47
8        android:minSdkVersion="8"
8-->src/main/AndroidManifest.xml:7:5-47
9        android:targetSdkVersion="19" />
9-->src/main/AndroidManifest.xml:7:15-44
10
11    <application
11-->src/main/AndroidManifest.xml:9:5-42:19
12        android:allowBackup="true"
12-->src/main/AndroidManifest.xml:10:9-35
13        android:debuggable="true"
14        android:icon="@drawable/ic_launcher"
14-->src/main/AndroidManifest.xml:11:9-45
15        android:label="@string/app_name"
15-->src/main/AndroidManifest.xml:12:9-41
16        android:testOnly="true"
17        android:theme="@style/AppTheme" >
17-->src/main/AndroidManifest.xml:13:9-40
18        <activity
18-->src/main/AndroidManifest.xml:14:9-18:45
19            android:name="com.ryg.chapter_3.TestActivity"
19-->src/main/AndroidManifest.xml:15:13-41
20            android:configChanges="orientation|screenSize"
20-->src/main/AndroidManifest.xml:16:13-59
21            android:label="@string/app_name"
21-->src/main/AndroidManifest.xml:17:13-45
22            android:launchMode="standard" />
22-->src/main/AndroidManifest.xml:18:13-42
23        <activity
23-->src/main/AndroidManifest.xml:19:9-23:45
24            android:name="com.ryg.chapter_3.DemoActivity_1"
24-->src/main/AndroidManifest.xml:20:13-43
25            android:configChanges="screenLayout"
25-->src/main/AndroidManifest.xml:21:13-49
26            android:label="@string/title_scene_1"
26-->src/main/AndroidManifest.xml:22:13-50
27            android:launchMode="standard" />
27-->src/main/AndroidManifest.xml:23:13-42
28        <activity
28-->src/main/AndroidManifest.xml:24:9-28:45
29            android:name="com.ryg.chapter_3.DemoActivity_2"
29-->src/main/AndroidManifest.xml:25:13-43
30            android:configChanges="screenLayout"
30-->src/main/AndroidManifest.xml:26:13-49
31            android:label="@string/title_scene_1"
31-->src/main/AndroidManifest.xml:27:13-50
32            android:launchMode="standard" />
32-->src/main/AndroidManifest.xml:28:13-42
33        <activity
33-->src/main/AndroidManifest.xml:29:9-32:48
34            android:name="com.ryg.chapter_3.ThirdActivity"
34-->src/main/AndroidManifest.xml:30:13-42
35            android:configChanges="screenLayout"
35-->src/main/AndroidManifest.xml:31:13-49
36            android:label="@string/app_name" />
36-->src/main/AndroidManifest.xml:32:13-45
37        <activity
37-->src/main/AndroidManifest.xml:33:9-41:20
38            android:name="com.ryg.chapter_3.MainActivity"
38-->src/main/AndroidManifest.xml:34:13-41
39            android:label="@string/app_name" >
39-->src/main/AndroidManifest.xml:35:13-45
40            <intent-filter>
40-->src/main/AndroidManifest.xml:36:13-40:29
41                <action android:name="android.intent.action.MAIN" />
41-->src/main/AndroidManifest.xml:37:17-69
41-->src/main/AndroidManifest.xml:37:25-66
42
43                <category android:name="android.intent.category.LAUNCHER" />
43-->src/main/AndroidManifest.xml:39:17-77
43-->src/main/AndroidManifest.xml:39:27-74
44            </intent-filter>
45        </activity>
46    </application>
47
48</manifest>